{
  "RSpec": {
    "coverage": {
      "/Users/joshrendek/apps/classopoly/lib/scrapers/bookstore.rb": [
        1,
        null,
        1,
        null,
        1,
        1,
        1,
        1,
        1,
        1,
        1,
        1,
        1,
        1,
        null,
        null,
        1,
        1,
        1,
        1,
        null,
        null,
        1,
        null,
        null,
        null,
        null,
        null,
        null,
        1,
        1,
        1,
        1,
        1,
        1,
        null,
        1,
        1,
        null,
        null,
        null,
        null,
        null,
        1,
        1,
        0,
        0,
        0,
        0,
        0,
        null,
        null,
        null,
        null,
        null
      ],
      "/Users/joshrendek/apps/classopoly/lib/college_importer.rb": [
        1,
        1,
        null,
        null,
        1,
        null,
        null,
        null,
        null,
        null,
        1,
        null,
        1,
        1,
        1,
        1,
        3,
        3,
        null,
        0,
        null,
        3,
        3,
        3,
        3,
        3,
        3,
        null,
        null,
        1,
        0,
        0,
        0,
        0,
        0,
        null,
        null,
        1,
        0,
        null,
        null,
        1,
        0,
        null,
        null,
        1,
        null,
        3,
        3,
        3,
        3,
        null,
        3,
        3,
        null,
        null,
        1,
        2,
        2,
        568,
        260,
        260,
        260,
        null,
        260,
        0,
        null,
        null,
        null,
        0,
        null,
        null,
        null,
        null,
        null,
        null,
        null,
        null,
        null,
        1,
        2,
        2,
        2,
        22,
        22,
        null,
        2,
        null,
        null,
        1,
        1,
        1,
        null,
        2,
        2,
        2,
        2,
        14,
        null,
        2,
        2,
        2,
        0,
        null,
        1,
        1,
        null,
        null,
        1,
        1,
        1,
        null,
        1,
        null,
        1,
        1,
        1,
        1,
        72,
        72,
        null,
        72,
        null,
        569,
        42,
        null,
        null,
        569,
        null,
        561,
        null,
        null,
        549,
        null,
        541,
        null,
        null,
        549,
        0,
        null,
        null,
        null,
        72,
        null,
        null,
        null,
        1,
        1,
        null,
        0,
        0,
        null,
        null,
        null,
        1,
        0,
        0,
        0,
        null,
        null,
        null,
        null,
        0,
        0,
        0,
        null,
        0,
        null,
        0,
        0,
        0,
        null,
        null,
        null,
        null,
        null,
        null,
        null,
        null,
        1,
        null,
        null,
        null,
        null,
        null,
        null,
        null,
        null,
        null,
        null,
        null,
        null,
        null,
        null,
        null,
        null,
        null,
        null,
        null,
        null,
        null,
        null,
        null,
        null,
        null,
        null,
        null,
        null,
        null,
        null,
        null,
        null,
        null,
        null,
        null,
        null,
        null,
        null,
        null,
        null,
        null,
        null,
        null,
        null,
        null,
        null,
        null,
        null,
        null,
        null,
        null,
        null,
        null,
        null,
        null,
        null,
        null,
        null,
        null,
        null,
        null,
        null,
        null,
        null,
        null
      ],
      "/Users/joshrendek/apps/classopoly/lib/scheduler.rb": [
        1,
        1,
        1,
        1,
        1,
        null,
        1,
        13,
        13,
        13,
        13,
        13,
        null,
        13,
        13,
        null,
        null,
        null,
        null,
        null,
        null,
        1,
        3,
        null,
        null,
        1,
        3,
        6,
        5,
        5,
        10,
        null,
        null,
        null,
        null,
        null,
        1,
        14,
        14,
        null,
        23,
        23,
        23,
        null,
        23,
        4,
        4,
        null,
        null,
        19,
        null,
        null,
        null,
        14,
        null,
        null,
        1,
        13,
        17,
        17,
        17,
        17,
        17,
        null,
        null,
        17,
        null,
        null,
        null,
        null,
        1,
        13,
        26,
        26,
        26,
        null,
        null,
        null,
        null
      ]
    },
    "timestamp": 1333983509
  }
}
